<?xml version="1.0" encoding="UTF-8"?>
<testng-results ignored="0" total="1" passed="1" failed="0" skipped="0">
  <reporter-output>
  </reporter-output>
  <suite started-at="2022-11-08T14:45:47 IST" name="Default suite" finished-at="2022-11-08T14:46:03 IST" duration-ms="15600">
    <groups>
    </groups>
    <test started-at="2022-11-08T14:45:47 IST" name="Default test" finished-at="2022-11-08T14:46:03 IST" duration-ms="15600">
      <class name="Dipak_1.A">
        <test-method signature="TC1()[pri:0, instance:Dipak_1.A@7205765b]" started-at="2022-11-08T14:45:47 IST" name="TC1" finished-at="2022-11-08T14:46:03 IST" duration-ms="15572" status="PASS">
          <reporter-output>
          </reporter-output>
        </test-method> <!-- TC1 -->
      </class> <!-- Dipak_1.A -->
    </test> <!-- Default test -->
  </suite> <!-- Default suite -->
</testng-results>
